# JRE version: Java(TM) SE Runtime Environment (8.0_181-b13) (build 1.8.0_181-b13)
# Java VM: Java HotSpot(TM) 64-Bit Server VM (25.181-b13 mixed mode windows-amd64 compressed oops)
Heap:
 PSYoungGen      total 343552K, used 174528K [0x00000000eab00000, 0x00000000fff00000, 0x0000000100000000)
  eden space 338944K, 50% used [0x00000000eab00000,0x00000000f525dbc8,0x00000000ff600000)
  from space 4608K, 68% used [0x00000000ffa80000,0x00000000ffd924a0,0x00000000fff00000)
  to   space 3072K, 0% used [0x00000000ff600000,0x00000000ff600000,0x00000000ff900000)
 ParOldGen       total 444416K, used 433739K [0x00000000c0000000, 0x00000000db200000, 0x00000000eab00000)
  object space 444416K, 97% used [0x00000000c0000000,0x00000000da792fb0,0x00000000db200000)
 Metaspace       used 123846K, capacity 128230K, committed 129752K, reserved 1159168K
  class space    used 19326K, capacity 20193K, committed 20480K, reserved 1048576K
GC Heap History (10 events):
Event: 270.655 GC heap before
{Heap before GC invocations=575 (full 7):
 PSYoungGen      total 344064K, used 342773K [0x00000000eab00000, 0x0000000100000000, 0x0000000100000000)
  eden space 338944K, 100% used [0x00000000eab00000,0x00000000ff600000,0x00000000ff600000)
  from space 5120K, 74% used [0x00000000ff600000,0x00000000ff9bd718,0x00000000ffb00000)
  to   space 5120K, 0% used [0x00000000ffb00000,0x00000000ffb00000,0x0000000100000000)
 ParOldGen       total 444416K, used 429403K [0x00000000c0000000, 0x00000000db200000, 0x00000000eab00000)
  object space 444416K, 96% used [0x00000000c0000000,0x00000000da356f18,0x00000000db200000)
 Metaspace       used 123839K, capacity 128230K, committed 129752K, reserved 1159168K
  class space    used 19325K, capacity 20193K, committed 20480K, reserved 1048576K
Event: 270.661 GC heap after
Heap after GC invocations=575 (full 7):
 PSYoungGen      total 344064K, used 3033K [0x00000000eab00000, 0x0000000100000000, 0x0000000100000000)
  eden space 338944K, 0% used [0x00000000eab00000,0x00000000eab00000,0x00000000ff600000)
  from space 5120K, 59% used [0x00000000ffb00000,0x00000000ffdf6490,0x0000000100000000)
  to   space 5120K, 0% used [0x00000000ff600000,0x00000000ff600000,0x00000000ffb00000)
 ParOldGen       total 444416K, used 430973K [0x00000000c0000000, 0x00000000db200000, 0x00000000eab00000)
  object space 444416K, 96% used [0x00000000c0000000,0x00000000da4df418,0x00000000db200000)
 Metaspace       used 123839K, capacity 128230K, committed 129752K, reserved 1159168K
  class space    used 19325K, capacity 20193K, committed 20480K, reserved 1048576K
}
Event: 270.916 GC heap before
{Heap before GC invocations=576 (full 7):
 PSYoungGen      total 344064K, used 341977K [0x00000000eab00000, 0x0000000100000000, 0x0000000100000000)
  eden space 338944K, 100% used [0x00000000eab00000,0x00000000ff600000,0x00000000ff600000)
  from space 5120K, 59% used [0x00000000ffb00000,0x00000000ffdf6490,0x0000000100000000)
  to   space 5120K, 0% used [0x00000000ff600000,0x00000000ff600000,0x00000000ffb00000)
 ParOldGen       total 444416K, used 430973K [0x00000000c0000000, 0x00000000db200000, 0x00000000eab00000)
  object space 444416K, 96% used [0x00000000c0000000,0x00000000da4df418,0x00000000db200000)
 Metaspace       used 123839K, capacity 128230K, committed 129752K, reserved 1159168K
  class space    used 19325K, capacity 20193K, committed 20480K, reserved 1048576K
Event: 270.920 GC heap after
Heap after GC invocations=576 (full 7):
 PSYoungGen      total 344064K, used 2336K [0x00000000eab00000, 0x0000000100000000, 0x0000000100000000)
  eden space 338944K, 0% used [0x00000000eab00000,0x00000000eab00000,0x00000000ff600000)
  from space 5120K, 45% used [0x00000000ff600000,0x00000000ff848000,0x00000000ffb00000)
  to   space 5120K, 0% used [0x00000000ffb00000,0x00000000ffb00000,0x0000000100000000)
 ParOldGen       total 444416K, used 432095K [0x00000000c0000000, 0x00000000db200000, 0x00000000eab00000)
  object space 444416K, 97% used [0x00000000c0000000,0x00000000da5f7d48,0x00000000db200000)
 Metaspace       used 123839K, capacity 128230K, committed 129752K, reserved 1159168K
  class space    used 19325K, capacity 20193K, committed 20480K, reserved 1048576K
}
Event: 271.174 GC heap before
{Heap before GC invocations=577 (full 7):
 PSYoungGen      total 344064K, used 341280K [0x00000000eab00000, 0x0000000100000000, 0x0000000100000000)
  eden space 338944K, 100% used [0x00000000eab00000,0x00000000ff600000,0x00000000ff600000)
  from space 5120K, 45% used [0x00000000ff600000,0x00000000ff848000,0x00000000ffb00000)
  to   space 5120K, 0% used [0x00000000ffb00000,0x00000000ffb00000,0x0000000100000000)
 ParOldGen       total 444416K, used 432095K [0x00000000c0000000, 0x00000000db200000, 0x00000000eab00000)
  object space 444416K, 97% used [0x00000000c0000000,0x00000000da5f7d48,0x00000000db200000)
 Metaspace       used 123839K, capacity 128230K, committed 129752K, reserved 1159168K
  class space    used 19325K, capacity 20193K, committed 20480K, reserved 1048576K
Event: 271.179 GC heap after
Heap after GC invocations=577 (full 7):
 PSYoungGen      total 344064K, used 2032K [0x00000000eab00000, 0x0000000100000000, 0x0000000100000000)
  eden space 338944K, 0% used [0x00000000eab00000,0x00000000eab00000,0x00000000ff600000)
  from space 5120K, 39% used [0x00000000ffb00000,0x00000000ffcfc010,0x0000000100000000)
  to   space 5120K, 0% used [0x00000000ff600000,0x00000000ff600000,0x00000000ffb00000)
 ParOldGen       total 444416K, used 432415K [0x00000000c0000000, 0x00000000db200000, 0x00000000eab00000)
  object space 444416K, 97% used [0x00000000c0000000,0x00000000da647d48,0x00000000db200000)
 Metaspace       used 123839K, capacity 128230K, committed 129752K, reserved 1159168K
  class space    used 19325K, capacity 20193K, committed 20480K, reserved 1048576K
}
Event: 271.461 GC heap before
{Heap before GC invocations=578 (full 7):
 PSYoungGen      total 344064K, used 340976K [0x00000000eab00000, 0x0000000100000000, 0x0000000100000000)
  eden space 338944K, 100% used [0x00000000eab00000,0x00000000ff600000,0x00000000ff600000)
  from space 5120K, 39% used [0x00000000ffb00000,0x00000000ffcfc010,0x0000000100000000)
  to   space 5120K, 0% used [0x00000000ff600000,0x00000000ff600000,0x00000000ffb00000)
 ParOldGen       total 444416K, used 432415K [0x00000000c0000000, 0x00000000db200000, 0x00000000eab00000)
  object space 444416K, 97% used [0x00000000c0000000,0x00000000da647d48,0x00000000db200000)
 Metaspace       used 123843K, capacity 128230K, committed 129752K, reserved 1159168K
  class space    used 19325K, capacity 20193K, committed 20480K, reserved 1048576K
Event: 271.466 GC heap after
Heap after GC invocations=578 (full 7):
 PSYoungGen      total 342016K, used 2972K [0x00000000eab00000, 0x00000000fff00000, 0x0000000100000000)
  eden space 338944K, 0% used [0x00000000eab00000,0x00000000eab00000,0x00000000ff600000)
  from space 3072K, 96% used [0x00000000ff600000,0x00000000ff8e7248,0x00000000ff900000)
  to   space 4608K, 0% used [0x00000000ffa80000,0x00000000ffa80000,0x00000000fff00000)
 ParOldGen       total 444416K, used 432679K [0x00000000c0000000, 0x00000000db200000, 0x00000000eab00000)
  object space 444416K, 97% used [0x00000000c0000000,0x00000000da689d68,0x00000000db200000)
 Metaspace       used 123843K, capacity 128230K, committed 129752K, reserved 1159168K
  class space    used 19325K, capacity 20193K, committed 20480K, reserved 1048576K
}
Event: 271.675 GC heap before
{Heap before GC invocations=579 (full 7):
 PSYoungGen      total 342016K, used 341916K [0x00000000eab00000, 0x00000000fff00000, 0x0000000100000000)
  eden space 338944K, 100% used [0x00000000eab00000,0x00000000ff600000,0x00000000ff600000)
  from space 3072K, 96% used [0x00000000ff600000,0x00000000ff8e7248,0x00000000ff900000)
  to   space 4608K, 0% used [0x00000000ffa80000,0x00000000ffa80000,0x00000000fff00000)
 ParOldGen       total 444416K, used 432679K [0x00000000c0000000, 0x00000000db200000, 0x00000000eab00000)
  object space 444416K, 97% used [0x00000000c0000000,0x00000000da689d68,0x00000000db200000)
 Metaspace       used 123844K, capacity 128230K, committed 129752K, reserved 1159168K
  class space    used 19325K, capacity 20193K, committed 20480K, reserved 1048576K
Event: 271.680 GC heap after
Heap after GC invocations=579 (full 7):
 PSYoungGen      total 343552K, used 3145K [0x00000000eab00000, 0x00000000fff00000, 0x0000000100000000)
  eden space 338944K, 0% used [0x00000000eab00000,0x00000000eab00000,0x00000000ff600000)
  from space 4608K, 68% used [0x00000000ffa80000,0x00000000ffd924a0,0x00000000fff00000)
  to   space 3072K, 0% used [0x00000000ff600000,0x00000000ff600000,0x00000000ff900000)
 ParOldGen       total 444416K, used 433739K [0x00000000c0000000, 0x00000000db200000, 0x00000000eab00000)
  object space 444416K, 97% used [0x00000000c0000000,0x00000000da792fb0,0x00000000db200000)
 Metaspace       used 123844K, capacity 128230K, committed 129752K, reserved 1159168K
  class space    used 19325K, capacity 20193K, committed 20480K, reserved 1048576K
}

